{
"contracts/Raffle.sol":{"l":{"76":3,"77":3,"78":3,"79":3,"80":3,"81":3,"82":3,"83":3,"90":4,"91":2,"93":2,"96":2,"114":0,"115":0,"129":0,"130":0,"139":0,"140":0,"148":0,"155":0,"156":0,"157":0,"158":0,"162":0,"163":0,"166":0,"171":0,"172":0},"path":"/root/blockchain_projects/hardhat-smart/contracts/Raffle.sol","s":{"1":4,"2":2,"3":2,"4":2,"5":0,"6":0,"7":0,"8":0,"9":0,"10":0,"11":0,"12":0,"13":0,"14":0,"15":6,"16":1,"17":0,"18":1,"19":0,"20":0,"21":0,"22":0,"23":6},"b":{"1":[2,2],"2":[0,2],"3":[0,0],"4":[0,0]},"f":{"1":3,"2":4,"3":0,"4":0,"5":0,"6":6,"7":1,"8":0,"9":1,"10":0,"11":0,"12":0,"13":0,"14":6},"fnMap":{"1":{"name":"constructor","line":75,"loc":{"start":{"line":75,"column":4},"end":{"line":84,"column":4}}},"2":{"name":"enterRaffle","line":89,"loc":{"start":{"line":89,"column":4},"end":{"line":97,"column":4}}},"3":{"name":"checkUpkeep","line":113,"loc":{"start":{"line":113,"column":4},"end":{"line":116,"column":4}}},"4":{"name":"performUpkeep","line":127,"loc":{"start":{"line":127,"column":4},"end":{"line":149,"column":4}}},"5":{"name":"fulfillRandomWords","line":154,"loc":{"start":{"line":154,"column":4},"end":{"line":173,"column":4}}},"6":{"name":"getEntranceFee","line":182,"loc":{"start":{"line":182,"column":4},"end":{"line":182,"column":80}}},"7":{"name":"getPlayerAt","line":183,"loc":{"start":{"line":183,"column":4},"end":{"line":183,"column":93}}},"8":{"name":"getRecentWinnerAddress","line":184,"loc":{"start":{"line":184,"column":4},"end":{"line":184,"column":97}}},"9":{"name":"getRaffleState","line":185,"loc":{"start":{"line":185,"column":4},"end":{"line":185,"column":85}}},"10":{"name":"getNumberOfWords","line":187,"loc":{"start":{"line":187,"column":4},"end":{"line":187,"column":84}}},"11":{"name":"getNumberOfPlayers","line":188,"loc":{"start":{"line":188,"column":4},"end":{"line":188,"column":87}}},"12":{"name":"getLastTimeStamp","line":189,"loc":{"start":{"line":189,"column":4},"end":{"line":189,"column":84}}},"13":{"name":"fetRequestConfirmations","line":190,"loc":{"start":{"line":190,"column":4},"end":{"line":190,"column":98}}},"14":{"name":"getInterval","line":191,"loc":{"start":{"line":191,"column":4},"end":{"line":191,"column":75}}}},"statementMap":{"1":{"start":{"line":90,"column":8},"end":{"line":90,"column":73}},"2":{"start":{"line":91,"column":8},"end":{"line":91,"column":72}},"3":{"start":{"line":93,"column":8},"end":{"line":93,"column":42}},"4":{"start":{"line":96,"column":8},"end":{"line":96,"column":36}},"5":{"start":{"line":115,"column":8},"end":{"line":115,"column":36}},"6":{"start":{"line":129,"column":8},"end":{"line":129,"column":47}},"7":{"start":{"line":130,"column":8},"end":{"line":130,"column":121}},"8":{"start":{"line":140,"column":8},"end":{"line":140,"column":4888}},"9":{"start":{"line":148,"column":8},"end":{"line":148,"column":45}},"10":{"start":{"line":155,"column":8},"end":{"line":155,"column":63}},"11":{"start":{"line":156,"column":8},"end":{"line":156,"column":68}},"12":{"start":{"line":162,"column":8},"end":{"line":162,"column":83}},"13":{"start":{"line":163,"column":8},"end":{"line":163,"column":53}},"14":{"start":{"line":166,"column":8},"end":{"line":166,"column":46}},"15":{"start":{"line":182,"column":59},"end":{"line":182,"column":79}},"16":{"start":{"line":183,"column":69},"end":{"line":183,"column":92}},"17":{"start":{"line":184,"column":68},"end":{"line":184,"column":96}},"18":{"start":{"line":185,"column":64},"end":{"line":185,"column":84}},"19":{"start":{"line":187,"column":61},"end":{"line":187,"column":83}},"20":{"start":{"line":188,"column":63},"end":{"line":188,"column":86}},"21":{"start":{"line":189,"column":61},"end":{"line":189,"column":83}},"22":{"start":{"line":190,"column":69},"end":{"line":190,"column":97}},"23":{"start":{"line":191,"column":57},"end":{"line":191,"column":74}}},"branchMap":{"1":{"line":90,"type":"if","locations":[{"start":{"line":90,"column":8},"end":{"line":90,"column":8}},{"start":{"line":90,"column":8},"end":{"line":90,"column":8}}]},"2":{"line":91,"type":"if","locations":[{"start":{"line":91,"column":8},"end":{"line":91,"column":8}},{"start":{"line":91,"column":8},"end":{"line":91,"column":8}}]},"3":{"line":130,"type":"if","locations":[{"start":{"line":130,"column":8},"end":{"line":130,"column":8}},{"start":{"line":130,"column":8},"end":{"line":130,"column":8}}]},"4":{"line":163,"type":"if","locations":[{"start":{"line":163,"column":8},"end":{"line":163,"column":8}},{"start":{"line":163,"column":8},"end":{"line":163,"column":8}}]}}},
"contracts/test/VRFCoordinatorV2Mock.sol":{"l":{},"path":"/root/blockchain_projects/hardhat-smart/contracts/test/VRFCoordinatorV2Mock.sol","s":{},"b":{},"f":{},"fnMap":{},"statementMap":{},"branchMap":{}}}
