TN:
SF:/root/blockchain_projects/hardhat-smart/contracts/Raffle.sol
FN:75,constructor
FN:89,enterRaffle
FN:113,checkUpkeep
FN:127,performUpkeep
FN:154,fulfillRandomWords
FN:182,getEntranceFee
FN:183,getPlayerAt
FN:184,getRecentWinnerAddress
FN:185,getRaffleState
FN:187,getNumberOfWords
FN:188,getNumberOfPlayers
FN:189,getLastTimeStamp
FN:190,fetRequestConfirmations
FN:191,getInterval
FNF:14
FNH:6
FNDA:3,constructor
FNDA:4,enterRaffle
FNDA:0,checkUpkeep
FNDA:0,performUpkeep
FNDA:0,fulfillRandomWords
FNDA:6,getEntranceFee
FNDA:1,getPlayerAt
FNDA:0,getRecentWinnerAddress
FNDA:1,getRaffleState
FNDA:0,getNumberOfWords
FNDA:0,getNumberOfPlayers
FNDA:0,getLastTimeStamp
FNDA:0,fetRequestConfirmations
FNDA:6,getInterval
DA:76,3
DA:77,3
DA:78,3
DA:79,3
DA:80,3
DA:81,3
DA:82,3
DA:83,3
DA:90,4
DA:91,2
DA:93,2
DA:96,2
DA:114,0
DA:115,0
DA:129,0
DA:130,0
DA:139,0
DA:140,0
DA:148,0
DA:155,0
DA:156,0
DA:157,0
DA:158,0
DA:162,0
DA:163,0
DA:166,0
DA:171,0
DA:172,0
LF:28
LH:12
BRDA:90,1,0,2
BRDA:90,1,1,2
BRDA:91,2,0,0
BRDA:91,2,1,2
BRDA:130,3,0,0
BRDA:130,3,1,0
BRDA:163,4,0,0
BRDA:163,4,1,0
BRF:8
BRH:3
end_of_record
TN:
SF:/root/blockchain_projects/hardhat-smart/contracts/test/VRFCoordinatorV2Mock.sol
FNF:0
FNH:0
LF:0
LH:0
BRF:0
BRH:0
end_of_record
